{"numFailedTestSuites":0,"numFailedTests":0,"numPassedTestSuites":1,"numPassedTests":4,"numPendingTestSuites":0,"numPendingTests":0,"numRuntimeErrorTestSuites":0,"numTodoTests":0,"numTotalTestSuites":1,"numTotalTests":4,"openHandles":[],"snapshot":{"added":0,"didUpdate":false,"failure":false,"filesAdded":0,"filesRemoved":0,"filesRemovedList":[],"filesUnmatched":0,"filesUpdated":0,"matched":0,"total":0,"unchecked":0,"uncheckedKeysByFile":[],"unmatched":0,"updated":0},"startTime":1771731262602,"success":true,"testResults":[{"assertionResults":[{"ancestorTitles":[],"duration":2,"failureDetails":[],"failureMessages":[],"fullName":"TC-EX-01: 基本ケース (1000 split, 500 non-split) with 2 participants","invocations":1,"location":null,"numPassingAsserts":5,"retryReasons":[],"status":"passed","title":"TC-EX-01: 基本ケース (1000 split, 500 non-split) with 2 participants"},{"ancestorTitles":[],"duration":2,"failureDetails":[],"failureMessages":[],"fullName":"TC-EX-02: 端数検証 (25040 split only, 3 participants)","invocations":1,"location":null,"numPassingAsserts":5,"retryReasons":[],"status":"passed","title":"TC-EX-02: 端数検証 (25040 split only, 3 participants)"},{"ancestorTitles":[],"duration":0,"failureDetails":[],"failureMessages":[],"fullName":"TC-EX-05: 未設定金額は0として扱う","invocations":1,"location":null,"numPassingAsserts":2,"retryReasons":[],"status":"passed","title":"TC-EX-05: 未設定金額は0として扱う"},{"ancestorTitles":[],"duration":0,"failureDetails":[],"failureMessages":[],"fullName":"additional: mixture with missing fields","invocations":1,"location":null,"numPassingAsserts":3,"retryReasons":[],"status":"passed","title":"additional: mixture with missing fields"}],"endTime":1771731262855,"message":"","name":"D:\\06_Work\\01_Project\\03_WebApp\\01_TravelSchedule\\tests\\settlement.test.js","startTime":1771731262639,"status":"passed","summary":""}],"wasInterrupted":false}
